

2016-12-06 14:22:10.795465
Image: 1481062929_3N.jpg
Image meta-data succesfully changed.

GPSLongitudeRef=W
GPSLongitude=138,14.141
GPSLatitudeRef=S
GPSLatitude=56,65.529
GPSTimeStamp=15:20:54
GPSAltitudeRef=Above Sea Level
GPSAltitude=184.3


2016-12-06 14:22:38.597027
Image: 1481062956_3N.jpg
Image meta-data succesfully changed.

GPSLongitudeRef=W
GPSLongitude=138,14.141
GPSLatitudeRef=S
GPSLatitude=56,65.529
GPSTimeStamp=15:20:54
GPSAltitudeRef=Above Sea Level
GPSAltitude=184.3


2016-12-06 14:42:42.332030
Image: 1481064159_3N.jpg
Image meta-data succesfully changed.

    GPSLongitudeRef=W
    GPSLongitude=138,14.141
    GPSLatitudeRef=S
    GPSLatitude=56,65.529
    GPSTimeStamp=15:20:54
    GPSAltitudeRef=Above Sea Level
    GPSAltitude=184.3


2016-12-06 14:44:33.329967
Image: 1481064272_3N.jpg
Image meta-data succesfully changed.

    GPSLongitudeRef=W
    GPSLongitude=138,14.141
    GPSLatitudeRef=S
    GPSLatitude=56,65.529
    GPSTimeStamp=15:20:54
    GPSAltitudeRef=Above Sea Level
    GPSAltitude=184.3


2016-12-06 14:45:36.416138
Image: 1481064335_3N.jpg
Image meta-data succesfully changed.

    GPSLongitudeRef=W
    GPSLongitude=138,14.141
    GPSLatitudeRef=S
    GPSLatitude=56,65.529
    GPSTimeStamp=15:20:54
    GPSAltitudeRef=Above Sea Level
    GPSAltitude=184.3


2016-12-06 14:47:36.921757
Image: 1481064456_3N.jpg
Image meta-data succesfully changed.

    GPSLongitudeRef=W
    GPSLongitude=138,14.141
    GPSLatitudeRef=S
    GPSLatitude=56,65.529
    GPSTimeStamp=15:20:54
    GPSAltitudeRef=Above Sea Level
    GPSAltitude=184.3


2016-12-06 14:52:42.224189
Image: 1481064761_3N.jpg
Image meta-data succesfully changed.

    GPSLongitudeRef=W
    GPSLongitude=138,14.141
    GPSLatitudeRef=S
    GPSLatitude=56,65.529
    GPSTimeStamp=15:20:54
    GPSAltitudeRef=Above Sea Level
    GPSAltitude=184.3


2016-12-06 14:53:29.241767
Image: 1481064808_3N.jpg
Image meta-data succesfully changed.

    GPSLongitudeRef=W
    GPSLongitude=138,14.141
    GPSLatitudeRef=S
    GPSLatitude=56,65.529
    GPSTimeStamp=15:20:54
    GPSAltitudeRef=Above Sea Level
    GPSAltitude=184.3


2016-12-06 14:53:47.842699
Image: 1481064827_3N.jpg
Image meta-data succesfully changed.

    GPSLongitudeRef=W
    GPSLongitude=138,14.141
    GPSLatitudeRef=S
    GPSLatitude=56,65.529
    GPSTimeStamp=15:20:54
    GPSAltitudeRef=Above Sea Level
    GPSAltitude=184.3
